{"total": {"lines":{"total":2713,"covered":2109,"skipped":0,"pct":77.73},"statements":{"total":3055,"covered":2329,"skipped":0,"pct":76.23},"functions":{"total":477,"covered":374,"skipped":0,"pct":78.4},"branches":{"total":1772,"covered":1200,"skipped":0,"pct":67.72},"branchesTrue":{"total":0,"covered":0,"skipped":0,"pct":100}}
,"/home/eCTD_tool/backend/src/app.module.ts": {"lines":{"total":22,"covered":0,"skipped":0,"pct":0},"functions":{"total":0,"covered":0,"skipped":0,"pct":100},"statements":{"total":24,"covered":0,"skipped":0,"pct":0},"branches":{"total":6,"covered":0,"skipped":0,"pct":0}}
,"/home/eCTD_tool/backend/src/main.ts": {"lines":{"total":21,"covered":0,"skipped":0,"pct":0},"functions":{"total":1,"covered":0,"skipped":0,"pct":0},"statements":{"total":21,"covered":0,"skipped":0,"pct":0},"branches":{"total":10,"covered":0,"skipped":0,"pct":0}}
,"/home/eCTD_tool/backend/src/activity-log/activity-log.controller.ts": {"lines":{"total":8,"covered":0,"skipped":0,"pct":0},"functions":{"total":2,"covered":0,"skipped":0,"pct":0},"statements":{"total":10,"covered":0,"skipped":0,"pct":0},"branches":{"total":8,"covered":0,"skipped":0,"pct":0}}
,"/home/eCTD_tool/backend/src/activity-log/activity-log.module.ts": {"lines":{"total":4,"covered":0,"skipped":0,"pct":0},"functions":{"total":0,"covered":0,"skipped":0,"pct":100},"statements":{"total":6,"covered":0,"skipped":0,"pct":0},"branches":{"total":0,"covered":0,"skipped":0,"pct":100}}
,"/home/eCTD_tool/backend/src/activity-log/activity-log.service.ts": {"lines":{"total":10,"covered":0,"skipped":0,"pct":0},"functions":{"total":4,"covered":0,"skipped":0,"pct":0},"statements":{"total":13,"covered":0,"skipped":0,"pct":0},"branches":{"total":8,"covered":0,"skipped":0,"pct":0}}
,"/home/eCTD_tool/backend/src/application/application.controller.ts": {"lines":{"total":17,"covered":17,"skipped":0,"pct":100},"functions":{"total":5,"covered":5,"skipped":0,"pct":100},"statements":{"total":19,"covered":19,"skipped":0,"pct":100},"branches":{"total":8,"covered":6,"skipped":0,"pct":75}}
,"/home/eCTD_tool/backend/src/application/application.module.ts": {"lines":{"total":5,"covered":0,"skipped":0,"pct":0},"functions":{"total":0,"covered":0,"skipped":0,"pct":100},"statements":{"total":7,"covered":0,"skipped":0,"pct":0},"branches":{"total":0,"covered":0,"skipped":0,"pct":100}}
,"/home/eCTD_tool/backend/src/application/application.service.ts": {"lines":{"total":32,"covered":32,"skipped":0,"pct":100},"functions":{"total":6,"covered":6,"skipped":0,"pct":100},"statements":{"total":37,"covered":37,"skipped":0,"pct":100},"branches":{"total":22,"covered":20,"skipped":0,"pct":90.9}}
,"/home/eCTD_tool/backend/src/application/dto/create-application.dto.ts": {"lines":{"total":5,"covered":5,"skipped":0,"pct":100},"functions":{"total":0,"covered":0,"skipped":0,"pct":100},"statements":{"total":5,"covered":5,"skipped":0,"pct":100},"branches":{"total":0,"covered":0,"skipped":0,"pct":100}}
,"/home/eCTD_tool/backend/src/application/dto/index.ts": {"lines":{"total":1,"covered":1,"skipped":0,"pct":100},"functions":{"total":1,"covered":1,"skipped":0,"pct":100},"statements":{"total":2,"covered":2,"skipped":0,"pct":100},"branches":{"total":0,"covered":0,"skipped":0,"pct":100}}
,"/home/eCTD_tool/backend/src/approval/approval.controller.ts": {"lines":{"total":23,"covered":23,"skipped":0,"pct":100},"functions":{"total":8,"covered":8,"skipped":0,"pct":100},"statements":{"total":27,"covered":27,"skipped":0,"pct":100},"branches":{"total":12,"covered":9,"skipped":0,"pct":75}}
,"/home/eCTD_tool/backend/src/approval/approval.module.ts": {"lines":{"total":4,"covered":0,"skipped":0,"pct":0},"functions":{"total":0,"covered":0,"skipped":0,"pct":100},"statements":{"total":6,"covered":0,"skipped":0,"pct":0},"branches":{"total":0,"covered":0,"skipped":0,"pct":100}}
,"/home/eCTD_tool/backend/src/approval/approval.service.ts": {"lines":{"total":45,"covered":45,"skipped":0,"pct":100},"functions":{"total":15,"covered":15,"skipped":0,"pct":100},"statements":{"total":59,"covered":57,"skipped":0,"pct":96.61},"branches":{"total":38,"covered":30,"skipped":0,"pct":78.94}}
,"/home/eCTD_tool/backend/src/approval/dto/index.ts": {"lines":{"total":1,"covered":1,"skipped":0,"pct":100},"functions":{"total":1,"covered":1,"skipped":0,"pct":100},"statements":{"total":2,"covered":2,"skipped":0,"pct":100},"branches":{"total":0,"covered":0,"skipped":0,"pct":100}}
,"/home/eCTD_tool/backend/src/approval/dto/reject-approval.dto.ts": {"lines":{"total":3,"covered":3,"skipped":0,"pct":100},"functions":{"total":0,"covered":0,"skipped":0,"pct":100},"statements":{"total":3,"covered":3,"skipped":0,"pct":100},"branches":{"total":0,"covered":0,"skipped":0,"pct":100}}
,"/home/eCTD_tool/backend/src/auth/auth.controller.ts": {"lines":{"total":15,"covered":0,"skipped":0,"pct":0},"functions":{"total":5,"covered":0,"skipped":0,"pct":0},"statements":{"total":17,"covered":0,"skipped":0,"pct":0},"branches":{"total":16,"covered":0,"skipped":0,"pct":0}}
,"/home/eCTD_tool/backend/src/auth/auth.module.ts": {"lines":{"total":9,"covered":0,"skipped":0,"pct":0},"functions":{"total":1,"covered":0,"skipped":0,"pct":0},"statements":{"total":11,"covered":0,"skipped":0,"pct":0},"branches":{"total":0,"covered":0,"skipped":0,"pct":100}}
,"/home/eCTD_tool/backend/src/auth/auth.service.ts": {"lines":{"total":35,"covered":35,"skipped":0,"pct":100},"functions":{"total":6,"covered":6,"skipped":0,"pct":100},"statements":{"total":37,"covered":37,"skipped":0,"pct":100},"branches":{"total":20,"covered":17,"skipped":0,"pct":85}}
,"/home/eCTD_tool/backend/src/auth/jwt.strategy.ts": {"lines":{"total":12,"covered":0,"skipped":0,"pct":0},"functions":{"total":2,"covered":0,"skipped":0,"pct":0},"statements":{"total":14,"covered":0,"skipped":0,"pct":0},"branches":{"total":12,"covered":0,"skipped":0,"pct":0}}
,"/home/eCTD_tool/backend/src/auth/dto/index.ts": {"lines":{"total":3,"covered":0,"skipped":0,"pct":0},"functions":{"total":3,"covered":0,"skipped":0,"pct":0},"statements":{"total":6,"covered":0,"skipped":0,"pct":0},"branches":{"total":0,"covered":0,"skipped":0,"pct":100}}
,"/home/eCTD_tool/backend/src/auth/dto/login.dto.ts": {"lines":{"total":4,"covered":0,"skipped":0,"pct":0},"functions":{"total":0,"covered":0,"skipped":0,"pct":100},"statements":{"total":4,"covered":0,"skipped":0,"pct":0},"branches":{"total":0,"covered":0,"skipped":0,"pct":100}}
,"/home/eCTD_tool/backend/src/auth/dto/refresh-token.dto.ts": {"lines":{"total":3,"covered":0,"skipped":0,"pct":0},"functions":{"total":0,"covered":0,"skipped":0,"pct":100},"statements":{"total":3,"covered":0,"skipped":0,"pct":0},"branches":{"total":0,"covered":0,"skipped":0,"pct":100}}
,"/home/eCTD_tool/backend/src/auth/dto/register.dto.ts": {"lines":{"total":6,"covered":0,"skipped":0,"pct":0},"functions":{"total":0,"covered":0,"skipped":0,"pct":100},"statements":{"total":6,"covered":0,"skipped":0,"pct":0},"branches":{"total":0,"covered":0,"skipped":0,"pct":100}}
,"/home/eCTD_tool/backend/src/comment/comment.controller.ts": {"lines":{"total":13,"covered":0,"skipped":0,"pct":0},"functions":{"total":4,"covered":0,"skipped":0,"pct":0},"statements":{"total":15,"covered":0,"skipped":0,"pct":0},"branches":{"total":8,"covered":0,"skipped":0,"pct":0}}
,"/home/eCTD_tool/backend/src/comment/comment.module.ts": {"lines":{"total":4,"covered":0,"skipped":0,"pct":0},"functions":{"total":0,"covered":0,"skipped":0,"pct":100},"statements":{"total":6,"covered":0,"skipped":0,"pct":0},"branches":{"total":0,"covered":0,"skipped":0,"pct":100}}
,"/home/eCTD_tool/backend/src/comment/comment.service.ts": {"lines":{"total":27,"covered":27,"skipped":0,"pct":100},"functions":{"total":7,"covered":7,"skipped":0,"pct":100},"statements":{"total":33,"covered":33,"skipped":0,"pct":100},"branches":{"total":27,"covered":26,"skipped":0,"pct":96.29}}
,"/home/eCTD_tool/backend/src/comment/dto/create-comment.dto.ts": {"lines":{"total":4,"covered":0,"skipped":0,"pct":0},"functions":{"total":0,"covered":0,"skipped":0,"pct":100},"statements":{"total":4,"covered":0,"skipped":0,"pct":0},"branches":{"total":0,"covered":0,"skipped":0,"pct":100}}
,"/home/eCTD_tool/backend/src/comment/dto/index.ts": {"lines":{"total":1,"covered":0,"skipped":0,"pct":0},"functions":{"total":1,"covered":0,"skipped":0,"pct":0},"statements":{"total":2,"covered":0,"skipped":0,"pct":0},"branches":{"total":0,"covered":0,"skipped":0,"pct":100}}
,"/home/eCTD_tool/backend/src/common/redis-cache.service.ts": {"lines":{"total":37,"covered":31,"skipped":0,"pct":83.78},"functions":{"total":11,"covered":8,"skipped":0,"pct":72.72},"statements":{"total":45,"covered":38,"skipped":0,"pct":84.44},"branches":{"total":21,"covered":16,"skipped":0,"pct":76.19}}
,"/home/eCTD_tool/backend/src/common/decorators/current-user.decorator.ts": {"lines":{"total":5,"covered":2,"skipped":0,"pct":40},"functions":{"total":1,"covered":0,"skipped":0,"pct":0},"statements":{"total":5,"covered":2,"skipped":0,"pct":40},"branches":{"total":2,"covered":0,"skipped":0,"pct":0}}
,"/home/eCTD_tool/backend/src/common/decorators/roles.decorator.ts": {"lines":{"total":3,"covered":3,"skipped":0,"pct":100},"functions":{"total":1,"covered":1,"skipped":0,"pct":100},"statements":{"total":5,"covered":5,"skipped":0,"pct":100},"branches":{"total":0,"covered":0,"skipped":0,"pct":100}}
,"/home/eCTD_tool/backend/src/common/dto/pagination.dto.ts": {"lines":{"total":7,"covered":5,"skipped":0,"pct":71.42},"functions":{"total":2,"covered":0,"skipped":0,"pct":0},"statements":{"total":9,"covered":5,"skipped":0,"pct":55.55},"branches":{"total":0,"covered":0,"skipped":0,"pct":100}}
,"/home/eCTD_tool/backend/src/common/filters/all-exceptions.filter.ts": {"lines":{"total":12,"covered":0,"skipped":0,"pct":0},"functions":{"total":1,"covered":0,"skipped":0,"pct":0},"statements":{"total":14,"covered":0,"skipped":0,"pct":0},"branches":{"total":12,"covered":0,"skipped":0,"pct":0}}
,"/home/eCTD_tool/backend/src/common/guards/jwt-auth.guard.ts": {"lines":{"total":3,"covered":3,"skipped":0,"pct":100},"functions":{"total":0,"covered":0,"skipped":0,"pct":100},"statements":{"total":5,"covered":5,"skipped":0,"pct":100},"branches":{"total":0,"covered":0,"skipped":0,"pct":100}}
,"/home/eCTD_tool/backend/src/common/guards/roles.guard.ts": {"lines":{"total":9,"covered":4,"skipped":0,"pct":44.44},"functions":{"total":2,"covered":0,"skipped":0,"pct":0},"statements":{"total":12,"covered":6,"skipped":0,"pct":50},"branches":{"total":6,"covered":3,"skipped":0,"pct":50}}
,"/home/eCTD_tool/backend/src/common/interceptors/transform.interceptor.ts": {"lines":{"total":5,"covered":0,"skipped":0,"pct":0},"functions":{"total":2,"covered":0,"skipped":0,"pct":0},"statements":{"total":7,"covered":0,"skipped":0,"pct":0},"branches":{"total":0,"covered":0,"skipped":0,"pct":100}}
,"/home/eCTD_tool/backend/src/controlled-vocabulary/controlled-vocabulary.controller.ts": {"lines":{"total":12,"covered":0,"skipped":0,"pct":0},"functions":{"total":5,"covered":0,"skipped":0,"pct":0},"statements":{"total":14,"covered":0,"skipped":0,"pct":0},"branches":{"total":4,"covered":0,"skipped":0,"pct":0}}
,"/home/eCTD_tool/backend/src/controlled-vocabulary/controlled-vocabulary.module.ts": {"lines":{"total":4,"covered":0,"skipped":0,"pct":0},"functions":{"total":0,"covered":0,"skipped":0,"pct":100},"statements":{"total":6,"covered":0,"skipped":0,"pct":0},"branches":{"total":0,"covered":0,"skipped":0,"pct":100}}
,"/home/eCTD_tool/backend/src/controlled-vocabulary/controlled-vocabulary.service.ts": {"lines":{"total":98,"covered":57,"skipped":0,"pct":58.16},"functions":{"total":17,"covered":11,"skipped":0,"pct":64.7},"statements":{"total":105,"covered":62,"skipped":0,"pct":59.04},"branches":{"total":48,"covered":29,"skipped":0,"pct":60.41}}
,"/home/eCTD_tool/backend/src/ctd-template/ctd-template.controller.ts": {"lines":{"total":28,"covered":28,"skipped":0,"pct":100},"functions":{"total":11,"covered":11,"skipped":0,"pct":100},"statements":{"total":30,"covered":30,"skipped":0,"pct":100},"branches":{"total":20,"covered":16,"skipped":0,"pct":80}}
,"/home/eCTD_tool/backend/src/ctd-template/ctd-template.module.ts": {"lines":{"total":4,"covered":0,"skipped":0,"pct":0},"functions":{"total":0,"covered":0,"skipped":0,"pct":100},"statements":{"total":6,"covered":0,"skipped":0,"pct":0},"branches":{"total":0,"covered":0,"skipped":0,"pct":100}}
,"/home/eCTD_tool/backend/src/ctd-template/ctd-template.service.ts": {"lines":{"total":223,"covered":204,"skipped":0,"pct":91.47},"functions":{"total":24,"covered":23,"skipped":0,"pct":95.83},"statements":{"total":248,"covered":217,"skipped":0,"pct":87.5},"branches":{"total":138,"covered":98,"skipped":0,"pct":71.01}}
,"/home/eCTD_tool/backend/src/ctd-template/dto/create-extension-node.dto.ts": {"lines":{"total":3,"covered":3,"skipped":0,"pct":100},"functions":{"total":0,"covered":0,"skipped":0,"pct":100},"statements":{"total":3,"covered":3,"skipped":0,"pct":100},"branches":{"total":0,"covered":0,"skipped":0,"pct":100}}
,"/home/eCTD_tool/backend/src/ctd-template/dto/index.ts": {"lines":{"total":3,"covered":3,"skipped":0,"pct":100},"functions":{"total":3,"covered":3,"skipped":0,"pct":100},"statements":{"total":6,"covered":6,"skipped":0,"pct":100},"branches":{"total":0,"covered":0,"skipped":0,"pct":100}}
,"/home/eCTD_tool/backend/src/ctd-template/dto/update-backbone-attributes.dto.ts": {"lines":{"total":7,"covered":7,"skipped":0,"pct":100},"functions":{"total":0,"covered":0,"skipped":0,"pct":100},"statements":{"total":7,"covered":7,"skipped":0,"pct":100},"branches":{"total":0,"covered":0,"skipped":0,"pct":100}}
,"/home/eCTD_tool/backend/src/ctd-template/dto/update-sequence-node.dto.ts": {"lines":{"total":6,"covered":6,"skipped":0,"pct":100},"functions":{"total":0,"covered":0,"skipped":0,"pct":100},"statements":{"total":6,"covered":6,"skipped":0,"pct":100},"branches":{"total":8,"covered":6,"skipped":0,"pct":75}}
,"/home/eCTD_tool/backend/src/document/document.controller.ts": {"lines":{"total":19,"covered":19,"skipped":0,"pct":100},"functions":{"total":7,"covered":7,"skipped":0,"pct":100},"statements":{"total":21,"covered":21,"skipped":0,"pct":100},"branches":{"total":8,"covered":6,"skipped":0,"pct":75}}
,"/home/eCTD_tool/backend/src/document/document.module.ts": {"lines":{"total":4,"covered":0,"skipped":0,"pct":0},"functions":{"total":0,"covered":0,"skipped":0,"pct":100},"statements":{"total":6,"covered":0,"skipped":0,"pct":0},"branches":{"total":0,"covered":0,"skipped":0,"pct":100}}
,"/home/eCTD_tool/backend/src/document/document.service.ts": {"lines":{"total":50,"covered":49,"skipped":0,"pct":98},"functions":{"total":10,"covered":10,"skipped":0,"pct":100},"statements":{"total":61,"covered":58,"skipped":0,"pct":95.08},"branches":{"total":72,"covered":52,"skipped":0,"pct":72.22}}
,"/home/eCTD_tool/backend/src/document/dto/index.ts": {"lines":{"total":1,"covered":1,"skipped":0,"pct":100},"functions":{"total":1,"covered":1,"skipped":0,"pct":100},"statements":{"total":2,"covered":2,"skipped":0,"pct":100},"branches":{"total":0,"covered":0,"skipped":0,"pct":100}}
,"/home/eCTD_tool/backend/src/document/dto/save-document.dto.ts": {"lines":{"total":5,"covered":5,"skipped":0,"pct":100},"functions":{"total":0,"covered":0,"skipped":0,"pct":100},"statements":{"total":5,"covered":5,"skipped":0,"pct":100},"branches":{"total":0,"covered":0,"skipped":0,"pct":100}}
,"/home/eCTD_tool/backend/src/ectd/ectd.controller.ts": {"lines":{"total":52,"covered":52,"skipped":0,"pct":100},"functions":{"total":15,"covered":15,"skipped":0,"pct":100},"statements":{"total":54,"covered":54,"skipped":0,"pct":100},"branches":{"total":36,"covered":27,"skipped":0,"pct":75}}
,"/home/eCTD_tool/backend/src/ectd/ectd.module.ts": {"lines":{"total":12,"covered":0,"skipped":0,"pct":0},"functions":{"total":0,"covered":0,"skipped":0,"pct":100},"statements":{"total":14,"covered":0,"skipped":0,"pct":0},"branches":{"total":0,"covered":0,"skipped":0,"pct":100}}
,"/home/eCTD_tool/backend/src/ectd/dto/index.ts": {"lines":{"total":8,"covered":8,"skipped":0,"pct":100},"functions":{"total":0,"covered":0,"skipped":0,"pct":100},"statements":{"total":8,"covered":8,"skipped":0,"pct":100},"branches":{"total":8,"covered":5,"skipped":0,"pct":62.5}}
,"/home/eCTD_tool/backend/src/ectd/services/cn-regional-xml.service.ts": {"lines":{"total":86,"covered":82,"skipped":0,"pct":95.34},"functions":{"total":11,"covered":11,"skipped":0,"pct":100},"statements":{"total":92,"covered":87,"skipped":0,"pct":94.56},"branches":{"total":38,"covered":27,"skipped":0,"pct":71.05}}
,"/home/eCTD_tool/backend/src/ectd/services/index-xml.service.ts": {"lines":{"total":97,"covered":95,"skipped":0,"pct":97.93},"functions":{"total":14,"covered":14,"skipped":0,"pct":100},"statements":{"total":103,"covered":99,"skipped":0,"pct":96.11},"branches":{"total":66,"covered":48,"skipped":0,"pct":72.72}}
,"/home/eCTD_tool/backend/src/ectd/services/lifecycle.service.ts": {"lines":{"total":72,"covered":72,"skipped":0,"pct":100},"functions":{"total":11,"covered":11,"skipped":0,"pct":100},"statements":{"total":82,"covered":82,"skipped":0,"pct":100},"branches":{"total":42,"covered":40,"skipped":0,"pct":95.23}}
,"/home/eCTD_tool/backend/src/ectd/services/md5.service.ts": {"lines":{"total":11,"covered":11,"skipped":0,"pct":100},"functions":{"total":5,"covered":5,"skipped":0,"pct":100},"statements":{"total":13,"covered":13,"skipped":0,"pct":100},"branches":{"total":0,"covered":0,"skipped":0,"pct":100}}
,"/home/eCTD_tool/backend/src/ectd/services/package-assembler.service.ts": {"lines":{"total":123,"covered":121,"skipped":0,"pct":98.37},"functions":{"total":12,"covered":12,"skipped":0,"pct":100},"statements":{"total":137,"covered":133,"skipped":0,"pct":97.08},"branches":{"total":82,"covered":65,"skipped":0,"pct":79.26}}
,"/home/eCTD_tool/backend/src/ectd/services/stf.service.ts": {"lines":{"total":68,"covered":43,"skipped":0,"pct":63.23},"functions":{"total":9,"covered":5,"skipped":0,"pct":55.55},"statements":{"total":73,"covered":46,"skipped":0,"pct":63.01},"branches":{"total":58,"covered":25,"skipped":0,"pct":43.1}}
,"/home/eCTD_tool/backend/src/ectd/services/validator.service.ts": {"lines":{"total":184,"covered":184,"skipped":0,"pct":100},"functions":{"total":27,"covered":27,"skipped":0,"pct":100},"statements":{"total":195,"covered":194,"skipped":0,"pct":99.48},"branches":{"total":191,"covered":174,"skipped":0,"pct":91.09}}
,"/home/eCTD_tool/backend/src/edit-lock/edit-lock.controller.ts": {"lines":{"total":18,"covered":18,"skipped":0,"pct":100},"functions":{"total":6,"covered":6,"skipped":0,"pct":100},"statements":{"total":20,"covered":20,"skipped":0,"pct":100},"branches":{"total":4,"covered":3,"skipped":0,"pct":75}}
,"/home/eCTD_tool/backend/src/edit-lock/edit-lock.module.ts": {"lines":{"total":4,"covered":0,"skipped":0,"pct":0},"functions":{"total":0,"covered":0,"skipped":0,"pct":100},"statements":{"total":6,"covered":0,"skipped":0,"pct":0},"branches":{"total":0,"covered":0,"skipped":0,"pct":100}}
,"/home/eCTD_tool/backend/src/edit-lock/edit-lock.service.ts": {"lines":{"total":34,"covered":34,"skipped":0,"pct":100},"functions":{"total":7,"covered":7,"skipped":0,"pct":100},"statements":{"total":37,"covered":37,"skipped":0,"pct":100},"branches":{"total":20,"covered":18,"skipped":0,"pct":90}}
,"/home/eCTD_tool/backend/src/export/export.controller.ts": {"lines":{"total":30,"covered":29,"skipped":0,"pct":96.66},"functions":{"total":7,"covered":7,"skipped":0,"pct":100},"statements":{"total":32,"covered":31,"skipped":0,"pct":96.87},"branches":{"total":28,"covered":22,"skipped":0,"pct":78.57}}
,"/home/eCTD_tool/backend/src/export/export.module.ts": {"lines":{"total":10,"covered":0,"skipped":0,"pct":0},"functions":{"total":0,"covered":0,"skipped":0,"pct":100},"statements":{"total":12,"covered":0,"skipped":0,"pct":0},"branches":{"total":0,"covered":0,"skipped":0,"pct":100}}
,"/home/eCTD_tool/backend/src/export/export.processor.ts": {"lines":{"total":79,"covered":78,"skipped":0,"pct":98.73},"functions":{"total":7,"covered":7,"skipped":0,"pct":100},"statements":{"total":84,"covered":83,"skipped":0,"pct":98.8},"branches":{"total":48,"covered":41,"skipped":0,"pct":85.41}}
,"/home/eCTD_tool/backend/src/export/export.service.ts": {"lines":{"total":55,"covered":51,"skipped":0,"pct":92.72},"functions":{"total":9,"covered":9,"skipped":0,"pct":100},"statements":{"total":61,"covered":57,"skipped":0,"pct":93.44},"branches":{"total":52,"covered":42,"skipped":0,"pct":80.76}}
,"/home/eCTD_tool/backend/src/export/pdf-compliance.service.ts": {"lines":{"total":166,"covered":84,"skipped":0,"pct":50.6},"functions":{"total":11,"covered":9,"skipped":0,"pct":81.81},"statements":{"total":188,"covered":90,"skipped":0,"pct":47.87},"branches":{"total":132,"covered":29,"skipped":0,"pct":21.96}}
,"/home/eCTD_tool/backend/src/export/pdf-export.service.ts": {"lines":{"total":68,"covered":4,"skipped":0,"pct":5.88},"functions":{"total":12,"covered":0,"skipped":0,"pct":0},"statements":{"total":75,"covered":6,"skipped":0,"pct":8},"branches":{"total":24,"covered":0,"skipped":0,"pct":0}}
,"/home/eCTD_tool/backend/src/export/word-export.service.ts": {"lines":{"total":92,"covered":91,"skipped":0,"pct":98.91},"functions":{"total":19,"covered":19,"skipped":0,"pct":100},"statements":{"total":102,"covered":100,"skipped":0,"pct":98.03},"branches":{"total":87,"covered":67,"skipped":0,"pct":77.01}}
,"/home/eCTD_tool/backend/src/export/dto/export-request.dto.ts": {"lines":{"total":11,"covered":11,"skipped":0,"pct":100},"functions":{"total":1,"covered":1,"skipped":0,"pct":100},"statements":{"total":11,"covered":11,"skipped":0,"pct":100},"branches":{"total":2,"covered":2,"skipped":0,"pct":100}}
,"/home/eCTD_tool/backend/src/export/dto/index.ts": {"lines":{"total":1,"covered":1,"skipped":0,"pct":100},"functions":{"total":4,"covered":2,"skipped":0,"pct":50},"statements":{"total":5,"covered":5,"skipped":0,"pct":100},"branches":{"total":0,"covered":0,"skipped":0,"pct":100}}
,"/home/eCTD_tool/backend/src/file/file-name-normalizer.service.ts": {"lines":{"total":56,"covered":55,"skipped":0,"pct":98.21},"functions":{"total":9,"covered":9,"skipped":0,"pct":100},"statements":{"total":60,"covered":59,"skipped":0,"pct":98.33},"branches":{"total":30,"covered":28,"skipped":0,"pct":93.33}}
,"/home/eCTD_tool/backend/src/file/file.controller.ts": {"lines":{"total":30,"covered":30,"skipped":0,"pct":100},"functions":{"total":11,"covered":11,"skipped":0,"pct":100},"statements":{"total":35,"covered":35,"skipped":0,"pct":100},"branches":{"total":26,"covered":18,"skipped":0,"pct":69.23}}
,"/home/eCTD_tool/backend/src/file/file.module.ts": {"lines":{"total":8,"covered":0,"skipped":0,"pct":0},"functions":{"total":0,"covered":0,"skipped":0,"pct":100},"statements":{"total":10,"covered":0,"skipped":0,"pct":0},"branches":{"total":0,"covered":0,"skipped":0,"pct":100}}
,"/home/eCTD_tool/backend/src/file/file.service.ts": {"lines":{"total":125,"covered":118,"skipped":0,"pct":94.4},"functions":{"total":23,"covered":17,"skipped":0,"pct":73.91},"statements":{"total":141,"covered":131,"skipped":0,"pct":92.9},"branches":{"total":86,"covered":71,"skipped":0,"pct":82.55}}
,"/home/eCTD_tool/backend/src/file/minio.service.ts": {"lines":{"total":40,"covered":5,"skipped":0,"pct":12.5},"functions":{"total":14,"covered":0,"skipped":0,"pct":0},"statements":{"total":44,"covered":7,"skipped":0,"pct":15.9},"branches":{"total":10,"covered":3,"skipped":0,"pct":30}}
,"/home/eCTD_tool/backend/src/file/dto/index.ts": {"lines":{"total":5,"covered":5,"skipped":0,"pct":100},"functions":{"total":0,"covered":0,"skipped":0,"pct":100},"statements":{"total":5,"covered":5,"skipped":0,"pct":100},"branches":{"total":0,"covered":0,"skipped":0,"pct":100}}
,"/home/eCTD_tool/backend/src/health/health.controller.ts": {"lines":{"total":10,"covered":0,"skipped":0,"pct":0},"functions":{"total":3,"covered":0,"skipped":0,"pct":0},"statements":{"total":12,"covered":0,"skipped":0,"pct":0},"branches":{"total":12,"covered":0,"skipped":0,"pct":0}}
,"/home/eCTD_tool/backend/src/health/health.module.ts": {"lines":{"total":5,"covered":0,"skipped":0,"pct":0},"functions":{"total":0,"covered":0,"skipped":0,"pct":100},"statements":{"total":7,"covered":0,"skipped":0,"pct":0},"branches":{"total":0,"covered":0,"skipped":0,"pct":100}}
,"/home/eCTD_tool/backend/src/prisma/prisma.module.ts": {"lines":{"total":4,"covered":0,"skipped":0,"pct":0},"functions":{"total":0,"covered":0,"skipped":0,"pct":100},"statements":{"total":6,"covered":0,"skipped":0,"pct":0},"branches":{"total":0,"covered":0,"skipped":0,"pct":100}}
,"/home/eCTD_tool/backend/src/prisma/prisma.service.ts": {"lines":{"total":9,"covered":3,"skipped":0,"pct":33.33},"functions":{"total":3,"covered":0,"skipped":0,"pct":0},"statements":{"total":11,"covered":5,"skipped":0,"pct":45.45},"branches":{"total":2,"covered":0,"skipped":0,"pct":0}}
,"/home/eCTD_tool/backend/src/project/project.controller.ts": {"lines":{"total":24,"covered":24,"skipped":0,"pct":100},"functions":{"total":8,"covered":8,"skipped":0,"pct":100},"statements":{"total":26,"covered":26,"skipped":0,"pct":100},"branches":{"total":20,"covered":15,"skipped":0,"pct":75}}
,"/home/eCTD_tool/backend/src/project/project.module.ts": {"lines":{"total":4,"covered":0,"skipped":0,"pct":0},"functions":{"total":0,"covered":0,"skipped":0,"pct":100},"statements":{"total":6,"covered":0,"skipped":0,"pct":0},"branches":{"total":0,"covered":0,"skipped":0,"pct":100}}
,"/home/eCTD_tool/backend/src/project/project.service.ts": {"lines":{"total":30,"covered":30,"skipped":0,"pct":100},"functions":{"total":10,"covered":10,"skipped":0,"pct":100},"statements":{"total":34,"covered":34,"skipped":0,"pct":100},"branches":{"total":20,"covered":16,"skipped":0,"pct":80}}
,"/home/eCTD_tool/backend/src/project/dto/add-member.dto.ts": {"lines":{"total":5,"covered":5,"skipped":0,"pct":100},"functions":{"total":0,"covered":0,"skipped":0,"pct":100},"statements":{"total":5,"covered":5,"skipped":0,"pct":100},"branches":{"total":4,"covered":3,"skipped":0,"pct":75}}
,"/home/eCTD_tool/backend/src/project/dto/create-project.dto.ts": {"lines":{"total":4,"covered":4,"skipped":0,"pct":100},"functions":{"total":0,"covered":0,"skipped":0,"pct":100},"statements":{"total":4,"covered":4,"skipped":0,"pct":100},"branches":{"total":0,"covered":0,"skipped":0,"pct":100}}
,"/home/eCTD_tool/backend/src/project/dto/index.ts": {"lines":{"total":4,"covered":4,"skipped":0,"pct":100},"functions":{"total":4,"covered":4,"skipped":0,"pct":100},"statements":{"total":8,"covered":8,"skipped":0,"pct":100},"branches":{"total":0,"covered":0,"skipped":0,"pct":100}}
,"/home/eCTD_tool/backend/src/project/dto/query-project.dto.ts": {"lines":{"total":6,"covered":6,"skipped":0,"pct":100},"functions":{"total":0,"covered":0,"skipped":0,"pct":100},"statements":{"total":6,"covered":6,"skipped":0,"pct":100},"branches":{"total":4,"covered":3,"skipped":0,"pct":75}}
,"/home/eCTD_tool/backend/src/project/dto/update-project.dto.ts": {"lines":{"total":6,"covered":6,"skipped":0,"pct":100},"functions":{"total":0,"covered":0,"skipped":0,"pct":100},"statements":{"total":6,"covered":6,"skipped":0,"pct":100},"branches":{"total":4,"covered":3,"skipped":0,"pct":75}}
,"/home/eCTD_tool/backend/src/regulatory-activity/regulatory-activity.controller.ts": {"lines":{"total":15,"covered":0,"skipped":0,"pct":0},"functions":{"total":4,"covered":0,"skipped":0,"pct":0},"statements":{"total":17,"covered":0,"skipped":0,"pct":0},"branches":{"total":8,"covered":0,"skipped":0,"pct":0}}
,"/home/eCTD_tool/backend/src/regulatory-activity/regulatory-activity.module.ts": {"lines":{"total":5,"covered":0,"skipped":0,"pct":0},"functions":{"total":0,"covered":0,"skipped":0,"pct":100},"statements":{"total":7,"covered":0,"skipped":0,"pct":0},"branches":{"total":0,"covered":0,"skipped":0,"pct":100}}
,"/home/eCTD_tool/backend/src/regulatory-activity/regulatory-activity.service.ts": {"lines":{"total":20,"covered":20,"skipped":0,"pct":100},"functions":{"total":4,"covered":4,"skipped":0,"pct":100},"statements":{"total":23,"covered":23,"skipped":0,"pct":100},"branches":{"total":16,"covered":14,"skipped":0,"pct":87.5}}
,"/home/eCTD_tool/backend/src/regulatory-activity/dto/create-regulatory-activity.dto.ts": {"lines":{"total":3,"covered":0,"skipped":0,"pct":0},"functions":{"total":0,"covered":0,"skipped":0,"pct":100},"statements":{"total":3,"covered":0,"skipped":0,"pct":0},"branches":{"total":0,"covered":0,"skipped":0,"pct":100}}
,"/home/eCTD_tool/backend/src/regulatory-activity/dto/index.ts": {"lines":{"total":1,"covered":0,"skipped":0,"pct":0},"functions":{"total":1,"covered":0,"skipped":0,"pct":0},"statements":{"total":2,"covered":0,"skipped":0,"pct":0},"branches":{"total":0,"covered":0,"skipped":0,"pct":100}}
,"/home/eCTD_tool/backend/src/sequence/sequence.controller.ts": {"lines":{"total":19,"covered":19,"skipped":0,"pct":100},"functions":{"total":6,"covered":6,"skipped":0,"pct":100},"statements":{"total":21,"covered":21,"skipped":0,"pct":100},"branches":{"total":12,"covered":9,"skipped":0,"pct":75}}
,"/home/eCTD_tool/backend/src/sequence/sequence.module.ts": {"lines":{"total":5,"covered":0,"skipped":0,"pct":0},"functions":{"total":0,"covered":0,"skipped":0,"pct":100},"statements":{"total":7,"covered":0,"skipped":0,"pct":0},"branches":{"total":0,"covered":0,"skipped":0,"pct":100}}
,"/home/eCTD_tool/backend/src/sequence/sequence.service.ts": {"lines":{"total":36,"covered":35,"skipped":0,"pct":97.22},"functions":{"total":6,"covered":5,"skipped":0,"pct":83.33},"statements":{"total":39,"covered":38,"skipped":0,"pct":97.43},"branches":{"total":26,"covered":24,"skipped":0,"pct":92.3}}
,"/home/eCTD_tool/backend/src/sequence/dto/create-sequence.dto.ts": {"lines":{"total":7,"covered":7,"skipped":0,"pct":100},"functions":{"total":0,"covered":0,"skipped":0,"pct":100},"statements":{"total":7,"covered":7,"skipped":0,"pct":100},"branches":{"total":0,"covered":0,"skipped":0,"pct":100}}
,"/home/eCTD_tool/backend/src/sequence/dto/index.ts": {"lines":{"total":2,"covered":2,"skipped":0,"pct":100},"functions":{"total":2,"covered":2,"skipped":0,"pct":100},"statements":{"total":4,"covered":4,"skipped":0,"pct":100},"branches":{"total":0,"covered":0,"skipped":0,"pct":100}}
,"/home/eCTD_tool/backend/src/sequence/dto/update-sequence.dto.ts": {"lines":{"total":8,"covered":8,"skipped":0,"pct":100},"functions":{"total":0,"covered":0,"skipped":0,"pct":100},"statements":{"total":8,"covered":8,"skipped":0,"pct":100},"branches":{"total":4,"covered":3,"skipped":0,"pct":75}}
,"/home/eCTD_tool/backend/src/user/user.controller.ts": {"lines":{"total":17,"covered":17,"skipped":0,"pct":100},"functions":{"total":5,"covered":5,"skipped":0,"pct":100},"statements":{"total":19,"covered":19,"skipped":0,"pct":100},"branches":{"total":12,"covered":9,"skipped":0,"pct":75}}
,"/home/eCTD_tool/backend/src/user/user.module.ts": {"lines":{"total":4,"covered":0,"skipped":0,"pct":0},"functions":{"total":0,"covered":0,"skipped":0,"pct":100},"statements":{"total":6,"covered":0,"skipped":0,"pct":0},"branches":{"total":0,"covered":0,"skipped":0,"pct":100}}
,"/home/eCTD_tool/backend/src/user/user.service.ts": {"lines":{"total":15,"covered":3,"skipped":0,"pct":20},"functions":{"total":5,"covered":0,"skipped":0,"pct":0},"statements":{"total":18,"covered":5,"skipped":0,"pct":27.77},"branches":{"total":12,"covered":3,"skipped":0,"pct":25}}
,"/home/eCTD_tool/backend/src/user/dto/index.ts": {"lines":{"total":2,"covered":2,"skipped":0,"pct":100},"functions":{"total":2,"covered":2,"skipped":0,"pct":100},"statements":{"total":4,"covered":4,"skipped":0,"pct":100},"branches":{"total":0,"covered":0,"skipped":0,"pct":100}}
,"/home/eCTD_tool/backend/src/user/dto/query-user.dto.ts": {"lines":{"total":6,"covered":6,"skipped":0,"pct":100},"functions":{"total":0,"covered":0,"skipped":0,"pct":100},"statements":{"total":6,"covered":6,"skipped":0,"pct":100},"branches":{"total":4,"covered":3,"skipped":0,"pct":75}}
,"/home/eCTD_tool/backend/src/user/dto/update-user.dto.ts": {"lines":{"total":7,"covered":7,"skipped":0,"pct":100},"functions":{"total":0,"covered":0,"skipped":0,"pct":100},"statements":{"total":7,"covered":7,"skipped":0,"pct":100},"branches":{"total":8,"covered":6,"skipped":0,"pct":75}}
}
